#
# A fatal error has been detected by the Java Runtime Environment:
#
#  SIGSEGV (0xb) at pc=0x00000001280ca3fd, pid=3436, tid=2571
#
# JRE version: Java(TM) SE Runtime Environment (8.0_20-b26) (build 1.8.0_20-b26)
# Java VM: Java HotSpot(TM) 64-Bit Server VM (25.20-b23 mixed mode bsd-amd64 compressed oops)
# Problematic frame:
# C  [libglass.dylib+0x163fd]  GlassScreenDidChangeScreenParameters+0x9d
#
# Failed to write core dump. Core dumps have been disabled. To enable core dumping, try "ulimit -c unlimited" before starting Java again
#
# If you would like to submit a bug report, please visit:
#   http://bugreport.sun.com/bugreport/crash.jsp
#

---------------  T H R E A D  ---------------

Current thread is native thread

siginfo: si_signo: 11 (SIGSEGV), si_code: 1 (SEGV_MAPERR), si_addr: 0x0000000000000000

Registers:
RAX=0x00000001280fce40, RBX=0x0000000000000000, RCX=0x0000000000000103, RDX=0x00007fab887439c8
RSP=0x00007fff51493900, RBP=0x00007fff51493910, RSI=0x00007fab885056c8, RDI=0x0000000000000000
R8 =0x0000000000000040, R9 =0x00007fff7a4211e0, R10=0xffffffffffffffff, R11=0x0000000000000246
R12=0x00007fab88546bd0, R13=0x00007fab885448e0, R14=0x00007fab88544920, R15=0x0000000000000000
RIP=0x00000001280ca3fd, EFLAGS=0x0000000000010202, ERR=0x0000000000000004
  TRAPNO=0x000000000000000e

Top of Stack: (sp=0x00007fff51493900)
0x00007fff51493900:   00007fff51493958 00007fab88544920
0x00007fff51493910:   00007fff51493920 00007fff9b3c770c
0x00007fff51493920:   00007fff51493940 00007fff9b3c767f
0x00007fff51493930:   0000000000000000 0000000000000000
0x00007fff51493940:   00007fff514939b0 00007fff9b3c6d47
0x00007fff51493950:   00007fff76d871f0 00007fff79a5b0a0
0x00007fff51493960:   0000000042000000 00007fff9b3c7640
0x00007fff51493970:   00007fff7a025720 00007fab885448e0
0x00007fff51493980:   00007fab88546bd0 00007fff51494158
0x00007fff51493990:   00007fff7a152780 00007fff51494158
0x00007fff514939a0:   00007fab885448e0 00007fff9b6ffb0f
0x00007fff514939b0:   00007fff514939f0 00007fff9b3c6ab2
0x00007fff514939c0:   00007fff51493fd0 0000000000000000
0x00007fff514939d0:   00007fff7a152780 00007fff51494158
0x00007fff514939e0:   00007fff962454c0 00007fff9b6ffb0f
0x00007fff514939f0:   00007fff51494100 00007fff9b3c0d42
0x00007fff51493a00:   00007fff51493a50 00007fff9b73470d
0x00007fff51493a10:   00007fab8df38a00 00007fab8840c6d0
0x00007fff51493a20:   00007fab89803048 00007fab884450c0
0x00007fff51493a30:   0000000000000000 00007fab88544a50
0x00007fff51493a40:   0000000000000000 0000000000000000
0x00007fff51493a50:   00007fff7a062bc0 00007fff51493fd0
0x00007fff51493a60:   0000000000000001 0000000000000100
0x00007fff51493a70:   0000000000001f00 00007fff51493ed0
0x00007fff51493a80:   0000000000000000 0000000000000100
0x00007fff51493a90:   00007fff51493a00 00007fff7a152780
0x00007fff51493aa0:   0000000000000000 00007fff7a026500
0x00007fff51493ab0:   00007fff7a152780 0000000000000000
0x00007fff51493ac0:   00007fff7a026500 00007fab8853ec90
0x00007fff51493ad0:   00007fab8df38a00 0000000000000002
0x00007fff51493ae0:   0000000000000000 00007fff962454c0
0x00007fff51493af0:   00007fff51493cb0 00007fff8eba8348 

Instructions: (pc=0x00000001280ca3fd)
0x00000001280ca3dd:   89 df 4c 89 f1 41 ff 90 68 04 00 00 48 8d 05 58
0x00000001280ca3ed:   29 03 00 48 8b 30 48 8d 05 46 2a 03 00 48 8b 10
0x00000001280ca3fd:   48 8b 0b 30 c0 48 89 df ff 91 68 04 00 00 48 8b
0x00000001280ca40d:   03 48 89 df ff 50 78 48 85 c0 74 36 49 89 c6 48 

Register to memory mapping:

RAX=0x00000001280fce40: jScreenNotifySettingsChanged+0 in /Library/Java/JavaVirtualMachines/jdk1.8.0_20.jdk/Contents/Home/jre/lib/libglass.dylib at 0x00000001280b4000
RBX=0x0000000000000000 is an unknown value
RCX=0x0000000000000103 is an unknown value
RDX=0x00007fab887439c8 is an unknown value
RSP=0x00007fff51493900 is an unknown value
RBP=0x00007fff51493910 is an unknown value
RSI=0x00007fab885056c8 is a global jni handle
RDI=0x0000000000000000 is an unknown value
R8 =0x0000000000000040 is an unknown value
R9 =0x00007fff7a4211e0: __sFX+0x1c0 in /usr/lib/system/libsystem_c.dylib at 0x00007fff9c3c9000
R10=0xffffffffffffffff is an unknown value
R11=0x0000000000000246 is an unknown value
R12=0x00007fab88546bd0 is an unknown value
R13=0x00007fab885448e0 is an unknown value
R14=0x00007fab88544920 is an unknown value
R15=0x0000000000000000 is an unknown value


Stack: [0x00007fff50c97000,0x00007fff51497000],  sp=0x00007fff51493900,  free space=8178k
Native frames: (J=compiled Java code, j=interpreted, Vv=VM code, C=native code)
C  [libglass.dylib+0x163fd]  GlassScreenDidChangeScreenParameters+0x9d
C  [CoreFoundation+0x12870c]  __CFNOTIFICATIONCENTER_IS_CALLING_OUT_TO_AN_OBSERVER__+0xc
C  [CoreFoundation+0x12867f]  ___CFXRegistrationPost_block_invoke+0x3f
C  [CoreFoundation+0x127d47]  _CFXRegistrationPost+0x197
C  [CoreFoundation+0x127ab2]  ___CFXNotificationPost_block_invoke+0x32
C  [CoreFoundation+0x121d42]  -[_CFXNotificationRegistrar find:object:observer:enumerator:]+0x782
C  [CoreFoundation+0x10145]  _CFXNotificationPost+0x2b5
C  [Foundation+0x7921]  -[NSNotificationCenter postNotificationName:object:userInfo:]+0x42
C  [AppKit+0x3d9ca8]  -[NSApplication _reactToScreenInvalidationImmediately:]+0x17f
C  [AppKit+0x3d9af9]  __44-[NSApplication _reactToScreenInvalidation:]_block_invoke+0x3b
C  [CoreFoundation+0x7e4ac]  __CFRUNLOOP_IS_CALLING_OUT_TO_A_BLOCK__+0xc
C  [CoreFoundation+0x70165]  __CFRunLoopDoBlocks+0x155
C  [CoreFoundation+0x6fecb]  __CFRunLoopRun+0x92b
C  [CoreFoundation+0x6f338]  CFRunLoopRunSpecific+0x128
C  [java+0x56cc]  CreateExecutionEnvironment+0x367
C  [java+0x165c]  JLI_Launch+0x7a0
C  [java+0x768a]  main+0x65
C  [java+0xeb4]  start+0x34


---------------  P R O C E S S  ---------------

VM state:at safepoint (normal execution)

VM Mutex/Monitor currently owned by a thread:  ([mutex/lock_event])
[0x00007fab88702f60] Threads_lock - owner thread: 0x00007fab89800000
[0x00007fab88703460] Heap_lock - owner thread: 0x00007fab8a01b000

Heap:
 PSYoungGen      total 38400K, used 29615K [0x0000000795580000, 0x0000000798000000, 0x00000007c0000000)
  eden space 33280K, 73% used [0x0000000795580000,0x0000000796d6f650,0x0000000797600000)
  from space 5120K, 99% used [0x0000000797b00000,0x0000000797ffc6b0,0x0000000798000000)
  to   space 5120K, 0% used [0x0000000797600000,0x0000000797600000,0x0000000797b00000)
 ParOldGen       total 87552K, used 2164K [0x0000000740000000, 0x0000000745580000, 0x0000000795580000)
  object space 87552K, 2% used [0x0000000740000000,0x000000074021d1e0,0x0000000745580000)
 Metaspace       used 16763K, capacity 17420K, committed 17792K, reserved 1064960K
  class space    used 2424K, capacity 2574K, committed 2688K, reserved 1048576K

Card table byte_map: [0x000000011f5c0000,0x000000011f9c1000] byte_map_base: 0x000000011bbc0000

Marking Bits: (ParMarkBitMap*) 0x000000010f2b2330
 Begin Bits: [0x000000011fc6c000, 0x0000000121c6c000)
 End Bits:   [0x0000000121c6c000, 0x0000000123c6c000)

Polling page: 0x000000010f977000

CodeCache: size=245760Kb used=6236Kb max_used=6255Kb free=239523Kb
 bounds [0x0000000110200000, 0x0000000110820000, 0x000000011f200000]
 total_blobs=2590 nmethods=1949 adapters=555
 compilation: enabled

Compilation events (10 events):
Event: 371.824 Thread 0x00007fab88872000 1956       3       jdk.internal.org.objectweb.asm.MethodWriter::visitFieldInsn (248 bytes)
Event: 371.825 Thread 0x00007fab88872000 nmethod 1956 0x0000000110807d90 code [0x0000000110807f80, 0x0000000110808818]
Event: 371.825 Thread 0x00007fab88872000 1957       3       jdk.internal.org.objectweb.asm.ClassWriter::newFieldItem (77 bytes)
Event: 371.826 Thread 0x00007fab88872000 nmethod 1957 0x000000011080ea50 code [0x000000011080ec40, 0x000000011080f258]
Event: 371.827 Thread 0x00007fab88871800 1958       4       java.lang.Object::equals (11 bytes)
Event: 371.827 Thread 0x00007fab88841000 1959       4       java.lang.Class::getClassLoader (28 bytes)
Event: 371.828 Thread 0x00007fab88871800 nmethod 1958 0x000000011080c390 code [0x000000011080c4e0, 0x000000011080c558]
Event: 371.829 Thread 0x00007fab88841000 nmethod 1959 0x0000000110807ad0 code [0x0000000110807c20, 0x0000000110807cc8]
Event: 371.848 Thread 0x00007fab88872000 1960       1       java.util.concurrent.CopyOnWriteArrayList::getArray (5 bytes)
Event: 371.849 Thread 0x00007fab88872000 nmethod 1960 0x0000000110807810 code [0x0000000110807960, 0x0000000110807a70]

GC Heap History (4 events):
Event: 5.435 GC heap before
{Heap before GC invocations=1 (full 0):
 PSYoungGen      total 38400K, used 33280K [0x0000000795580000, 0x0000000798000000, 0x00000007c0000000)
  eden space 33280K, 100% used [0x0000000795580000,0x0000000797600000,0x0000000797600000)
  from space 5120K, 0% used [0x0000000797b00000,0x0000000797b00000,0x0000000798000000)
  to   space 5120K, 0% used [0x0000000797600000,0x0000000797600000,0x0000000797b00000)
 ParOldGen       total 87552K, used 0K [0x0000000740000000, 0x0000000745580000, 0x0000000795580000)
  object space 87552K, 0% used [0x0000000740000000,0x0000000740000000,0x0000000745580000)
 Metaspace       used 14785K, capacity 15336K, committed 15360K, reserved 1062912K
  class space    used 2155K, capacity 2302K, committed 2304K, reserved 1048576K
Event: 5.444 GC heap after
Heap after GC invocations=1 (full 0):
 PSYoungGen      total 38400K, used 5088K [0x0000000795580000, 0x0000000798000000, 0x00000007c0000000)
  eden space 33280K, 0% used [0x0000000795580000,0x0000000795580000,0x0000000797600000)
  from space 5120K, 99% used [0x0000000797600000,0x0000000797af8030,0x0000000797b00000)
  to   space 5120K, 0% used [0x0000000797b00000,0x0000000797b00000,0x0000000798000000)
 ParOldGen       total 87552K, used 656K [0x0000000740000000, 0x0000000745580000, 0x0000000795580000)
  object space 87552K, 0% used [0x0000000740000000,0x00000007400a4020,0x0000000745580000)
 Metaspace       used 14785K, capacity 15336K, committed 15360K, reserved 1062912K
  class space    used 2155K, capacity 2302K, committed 2304K, reserved 1048576K
}
Event: 125.798 GC heap before
{Heap before GC invocations=2 (full 0):
 PSYoungGen      total 38400K, used 38368K [0x0000000795580000, 0x0000000798000000, 0x00000007c0000000)
  eden space 33280K, 100% used [0x0000000795580000,0x0000000797600000,0x0000000797600000)
  from space 5120K, 99% used [0x0000000797600000,0x0000000797af8030,0x0000000797b00000)
  to   space 5120K, 0% used [0x0000000797b00000,0x0000000797b00000,0x0000000798000000)
 ParOldGen       total 87552K, used 656K [0x0000000740000000, 0x0000000745580000, 0x0000000795580000)
  object space 87552K, 0% used [0x0000000740000000,0x00000007400a4020,0x0000000745580000)
 Metaspace       used 16734K, capacity 17390K, committed 17536K, reserved 1064960K
  class space    used 2417K, capacity 2567K, committed 2688K, reserved 1048576K
Event: 125.825 GC heap after
Heap after GC invocations=2 (full 0):
 PSYoungGen      total 38400K, used 5105K [0x0000000795580000, 0x0000000798000000, 0x00000007c0000000)
  eden space 33280K, 0% used [0x0000000795580000,0x0000000795580000,0x0000000797600000)
  from space 5120K, 99% used [0x0000000797b00000,0x0000000797ffc6b0,0x0000000798000000)
  to   space 5120K, 0% used [0x0000000797600000,0x0000000797600000,0x0000000797b00000)
 ParOldGen       total 87552K, used 2164K [0x0000000740000000, 0x0000000745580000, 0x0000000795580000)
  object space 87552K, 2% used [0x0000000740000000,0x000000074021d1e0,0x0000000745580000)
 Metaspace       used 16734K, capacity 17390K, committed 17536K, reserved 1064960K
  class space    used 2417K, capacity 2567K, committed 2688K, reserved 1048576K
}

Deoptimization events (10 events):
Event: 3.528 Thread 0x00007fab89150000 Uncommon trap: reason=unreached action=reinterpret pc=0x0000000110504570 method=java.util.HashMap.hash(Ljava/lang/Object;)I @ 1
Event: 6.768 Thread 0x00007fab89150000 Uncommon trap: reason=class_check action=maybe_recompile pc=0x0000000110588854 method=java.io.FilterInputStream.read()I @ 4
Event: 6.768 Thread 0x00007fab89150000 Uncommon trap: reason=class_check action=maybe_recompile pc=0x0000000110588854 method=java.io.FilterInputStream.read()I @ 4
Event: 6.768 Thread 0x00007fab89150000 Uncommon trap: reason=class_check action=maybe_recompile pc=0x0000000110588854 method=java.io.FilterInputStream.read()I @ 4
Event: 6.768 Thread 0x00007fab89150000 Uncommon trap: reason=class_check action=maybe_recompile pc=0x0000000110588854 method=java.io.FilterInputStream.read()I @ 4
Event: 371.781 Thread 0x00007fab898dd800 Uncommon trap: reason=unreached action=reinterpret pc=0x000000011080a06c method=java.util.concurrent.LinkedBlockingDeque.unlinkFirst()Ljava/lang/Object; @ 37
Event: 371.823 Thread 0x00007fab89150000 Uncommon trap: reason=class_check action=maybe_recompile pc=0x00000001107f27b8 method=com.sun.glass.ui.InvokeLaterDispatcher$Future.run()V @ 4
Event: 371.824 Thread 0x00007fab89150000 Uncommon trap: reason=class_check action=maybe_recompile pc=0x00000001107f27b8 method=com.sun.glass.ui.InvokeLaterDispatcher$Future.run()V @ 4
Event: 371.825 Thread 0x00007fab89150000 Uncommon trap: reason=class_check action=maybe_recompile pc=0x00000001107f27b8 method=com.sun.glass.ui.InvokeLaterDispatcher$Future.run()V @ 4
Event: 371.825 Thread 0x00007fab89150000 Uncommon trap: reason=class_check action=maybe_recompile pc=0x00000001107f27b8 method=com.sun.glass.ui.InvokeLaterDispatcher$Future.run()V @ 4

Internal exceptions (10 events):
Event: 7.135 Thread 0x00007fab89150000 Exception <a 'java/lang/reflect/InvocationTargetException'> (0x00000007961dd558) thrown at [/HUDSON3/workspace/8-2-build-macosx-x86_64/jdk8u20/1074/hotspot/src/share/vm/runtime/reflection.cpp, line 1079]
Event: 7.155 Thread 0x00007fab89150000 Exception <a 'java/security/PrivilegedActionException'> (0x00000007961ea428) thrown at [/HUDSON3/workspace/8-2-build-macosx-x86_64/jdk8u20/1074/hotspot/src/share/vm/prims/jvm.cpp, line 1275]
Event: 7.155 Thread 0x00007fab89150000 Exception <a 'java/security/PrivilegedActionException'> (0x00000007961eb190) thrown at [/HUDSON3/workspace/8-2-build-macosx-x86_64/jdk8u20/1074/hotspot/src/share/vm/prims/jvm.cpp, line 1275]
Event: 7.172 Thread 0x00007fab89150000 Exception <a 'java/security/PrivilegedActionException'> (0x00000007965c4470) thrown at [/HUDSON3/workspace/8-2-build-macosx-x86_64/jdk8u20/1074/hotspot/src/share/vm/prims/jvm.cpp, line 1275]
Event: 7.172 Thread 0x00007fab89150000 Exception <a 'java/security/PrivilegedActionException'> (0x00000007965c51d8) thrown at [/HUDSON3/workspace/8-2-build-macosx-x86_64/jdk8u20/1074/hotspot/src/share/vm/prims/jvm.cpp, line 1275]
Event: 7.225 Thread 0x00007fab89150000 Exception <a 'java/security/PrivilegedActionException'> (0x00000007966005a0) thrown at [/HUDSON3/workspace/8-2-build-macosx-x86_64/jdk8u20/1074/hotspot/src/share/vm/prims/jvm.cpp, line 1275]
Event: 7.225 Thread 0x00007fab89150000 Exception <a 'java/security/PrivilegedActionException'> (0x0000000796601628) thrown at [/HUDSON3/workspace/8-2-build-macosx-x86_64/jdk8u20/1074/hotspot/src/share/vm/prims/jvm.cpp, line 1275]
Event: 7.232 Thread 0x00007fab89150000 Exception <a 'java/lang/reflect/InvocationTargetException'> (0x0000000796614630) thrown at [/HUDSON3/workspace/8-2-build-macosx-x86_64/jdk8u20/1074/hotspot/src/share/vm/runtime/reflection.cpp, line 1079]
Event: 7.232 Thread 0x00007fab89150000 Exception <a 'java/lang/RuntimeException'> (0x0000000796614cc0) thrown at [/HUDSON3/workspace/8-2-build-macosx-x86_64/jdk8u20/1074/hotspot/src/share/vm/prims/jvm.cpp, line 1279]
Event: 7.242 Thread 0x00007fab89150000 Exception <a 'java/security/PrivilegedActionException'> (0x0000000796630bd8) thrown at [/HUDSON3/workspace/8-2-build-macosx-x86_64/jdk8u20/1074/hotspot/src/share/vm/prims/jvm.cpp, line 1275]

Events (10 events):
Event: 371.848 Thread 0x00007fab89980800 Thread exited: 0x00007fab89980800
Event: 371.849 Thread 0x00007fab8a01b000 Thread exited: 0x00007fab8a01b000
Event: 371.849 Thread 0x00007fab88872000 flushing nmethod 0x00000001103072d0
Event: 371.849 Thread 0x00007fab88872000 flushing nmethod 0x00000001103077d0
Event: 371.849 Thread 0x00007fab88872000 flushing nmethod 0x0000000110308490
Event: 371.849 Thread 0x00007fab88872000 flushing nmethod 0x0000000110308d50
Event: 371.849 Thread 0x00007fab88872000 flushing nmethod 0x00000001103098d0
Event: 371.849 Thread 0x00007fab88872000 flushing nmethod 0x0000000110314550
Event: 371.849 Thread 0x00007fab88872000 flushing nmethod 0x0000000110315c50
Event: 371.849 Thread 0x00007fab89001000 Thread exited: 0x00007fab89001000


Dynamic libraries:
0x0000000005ee1000 	/System/Library/Frameworks/Cocoa.framework/Versions/A/Cocoa
0x0000000005ee1000 	/System/Library/Frameworks/Security.framework/Versions/A/Security
0x0000000005ee1000 	/System/Library/Frameworks/ApplicationServices.framework/Versions/A/ApplicationServices
0x0000000005ee1000 	/usr/lib/libz.1.dylib
0x0000000005ee1000 	/usr/lib/libSystem.B.dylib
0x0000000005ee1000 	/usr/lib/libobjc.A.dylib
0x0000000005ee1000 	/System/Library/Frameworks/CoreFoundation.framework/Versions/A/CoreFoundation
0x0000000005ee1000 	/System/Library/Frameworks/Foundation.framework/Versions/C/Foundation
0x0000000005ee1000 	/System/Library/Frameworks/AppKit.framework/Versions/C/AppKit
0x0000000005ee1000 	/System/Library/Frameworks/CoreData.framework/Versions/A/CoreData
0x0000000005ee1000 	/System/Library/PrivateFrameworks/RemoteViewServices.framework/Versions/A/RemoteViewServices
0x0000000005ee1000 	/System/Library/PrivateFrameworks/UIFoundation.framework/Versions/A/UIFoundation
0x0000000005ee1000 	/usr/lib/libScreenReader.dylib
0x0000000005ee1000 	/System/Library/Frameworks/Accelerate.framework/Versions/A/Accelerate
0x0000000005ee1000 	/System/Library/Frameworks/IOSurface.framework/Versions/A/IOSurface
0x0000000005ee1000 	/System/Library/Frameworks/AudioToolbox.framework/Versions/A/AudioToolbox
0x0000000005ee1000 	/System/Library/Frameworks/AudioUnit.framework/Versions/A/AudioUnit
0x0000000005ee1000 	/System/Library/PrivateFrameworks/DataDetectorsCore.framework/Versions/A/DataDetectorsCore
0x0000000005ee1000 	/System/Library/PrivateFrameworks/DesktopServicesPriv.framework/Versions/A/DesktopServicesPriv
0x0000000005ee1000 	/System/Library/Frameworks/Carbon.framework/Versions/A/Frameworks/HIToolbox.framework/Versions/A/HIToolbox
0x0000000005ee1000 	/System/Library/Frameworks/QuartzCore.framework/Versions/A/QuartzCore
0x0000000005ee1000 	/System/Library/Frameworks/Carbon.framework/Versions/A/Frameworks/SpeechRecognition.framework/Versions/A/SpeechRecognition
0x0000000005ee1000 	/usr/lib/libauto.dylib
0x0000000005ee1000 	/usr/lib/libicucore.A.dylib
0x0000000005ee1000 	/usr/lib/libxml2.2.dylib
0x0000000005ee1000 	/System/Library/PrivateFrameworks/CoreUI.framework/Versions/A/CoreUI
0x0000000005ee1000 	/System/Library/Frameworks/CoreAudio.framework/Versions/A/CoreAudio
0x0000000005ee1000 	/System/Library/Frameworks/DiskArbitration.framework/Versions/A/DiskArbitration
0x0000000005ee1000 	/usr/lib/liblangid.dylib
0x0000000005ee1000 	/System/Library/PrivateFrameworks/MultitouchSupport.framework/Versions/A/MultitouchSupport
0x0000000005ee1000 	/System/Library/Frameworks/IOKit.framework/Versions/A/IOKit
0x0000000005ee1000 	/usr/lib/libDiagnosticMessagesClient.dylib
0x0000000005ee1000 	/System/Library/Frameworks/CoreServices.framework/Versions/A/CoreServices
0x0000000005ee1000 	/System/Library/PrivateFrameworks/PerformanceAnalysis.framework/Versions/A/PerformanceAnalysis
0x0000000005ee1000 	/System/Library/PrivateFrameworks/GenerationalStorage.framework/Versions/A/GenerationalStorage
0x0000000005ee1000 	/System/Library/Frameworks/OpenGL.framework/Versions/A/OpenGL
0x0000000005ee1000 	/System/Library/PrivateFrameworks/Sharing.framework/Versions/A/Sharing
0x0000000005ee1000 	/System/Library/Frameworks/CoreGraphics.framework/Versions/A/CoreGraphics
0x0000000005ee1000 	/System/Library/Frameworks/CoreImage.framework/Versions/A/CoreImage
0x0000000005ee1000 	/System/Library/Frameworks/CoreText.framework/Versions/A/CoreText
0x0000000005ee1000 	/System/Library/Frameworks/ImageIO.framework/Versions/A/ImageIO
0x0000000005ee1000 	/System/Library/PrivateFrameworks/Backup.framework/Versions/A/Backup
0x0000000005ee1000 	/usr/lib/libextension.dylib
0x0000000005ee1000 	/usr/lib/libarchive.2.dylib
0x0000000005ee1000 	/System/Library/Frameworks/CFNetwork.framework/Versions/A/CFNetwork
0x0000000005ee1000 	/System/Library/Frameworks/SystemConfiguration.framework/Versions/A/SystemConfiguration
0x0000000005ee1000 	/usr/lib/libCRFSuite.dylib
0x0000000005ee1000 	/usr/lib/libc++.1.dylib
0x0000000005ee1000 	/usr/lib/libc++abi.dylib
0x0000000005ee1000 	/usr/lib/system/libcache.dylib
0x0000000005ee1000 	/usr/lib/system/libcommonCrypto.dylib
0x0000000005ee1000 	/usr/lib/system/libcompiler_rt.dylib
0x0000000005ee1000 	/usr/lib/system/libcopyfile.dylib
0x0000000005ee1000 	/usr/lib/system/libcorecrypto.dylib
0x0000000005ee1000 	/usr/lib/system/libdispatch.dylib
0x0000000005ee1000 	/usr/lib/system/libdyld.dylib
0x0000000005ee1000 	/usr/lib/system/libkeymgr.dylib
0x0000000005ee1000 	/usr/lib/system/liblaunch.dylib
0x0000000005ee1000 	/usr/lib/system/libmacho.dylib
0x0000000005ee1000 	/usr/lib/system/libquarantine.dylib
0x0000000005ee1000 	/usr/lib/system/libremovefile.dylib
0x0000000005ee1000 	/usr/lib/system/libsystem_asl.dylib
0x0000000005ee1000 	/usr/lib/system/libsystem_blocks.dylib
0x0000000005ee1000 	/usr/lib/system/libsystem_c.dylib
0x0000000005ee1000 	/usr/lib/system/libsystem_configuration.dylib
0x0000000005ee1000 	/usr/lib/system/libsystem_coreservices.dylib
0x0000000005ee1000 	/usr/lib/system/libsystem_coretls.dylib
0x0000000005ee1000 	/usr/lib/system/libsystem_dnssd.dylib
0x0000000005ee1000 	/usr/lib/system/libsystem_info.dylib
0x0000000005ee1000 	/usr/lib/system/libsystem_kernel.dylib
0x0000000005ee1000 	/usr/lib/system/libsystem_m.dylib
0x0000000005ee1000 	/usr/lib/system/libsystem_malloc.dylib
0x0000000005ee1000 	/usr/lib/system/libsystem_network.dylib
0x0000000005ee1000 	/usr/lib/system/libsystem_networkextension.dylib
0x0000000005ee1000 	/usr/lib/system/libsystem_notify.dylib
0x0000000005ee1000 	/usr/lib/system/libsystem_platform.dylib
0x0000000005ee1000 	/usr/lib/system/libsystem_pthread.dylib
0x0000000005ee1000 	/usr/lib/system/libsystem_sandbox.dylib
0x0000000005ee1000 	/usr/lib/system/libsystem_secinit.dylib
0x0000000005ee1000 	/usr/lib/system/libsystem_trace.dylib
0x0000000005ee1000 	/usr/lib/system/libunc.dylib
0x0000000005ee1000 	/usr/lib/system/libunwind.dylib
0x0000000005ee1000 	/usr/lib/system/libxpc.dylib
0x0000000005ee1000 	/usr/lib/libenergytrace.dylib
0x0000000005ee1000 	/usr/lib/libbsm.0.dylib
0x0000000005ee1000 	/usr/lib/system/libkxld.dylib
0x0000000005ee1000 	/usr/lib/libxar.1.dylib
0x0000000005ee1000 	/usr/lib/libsqlite3.dylib
0x0000000005ee1000 	/usr/lib/libpam.2.dylib
0x0000000005ee1000 	/usr/lib/libOpenScriptingUtil.dylib
0x0000000005ee1000 	/usr/lib/libbz2.1.0.dylib
0x0000000005ee1000 	/usr/lib/liblzma.5.dylib
0x0000000005ee1000 	/System/Library/Frameworks/CoreServices.framework/Versions/A/Frameworks/FSEvents.framework/Versions/A/FSEvents
0x0000000005ee1000 	/System/Library/Frameworks/CoreServices.framework/Versions/A/Frameworks/CarbonCore.framework/Versions/A/CarbonCore
0x0000000005ee1000 	/System/Library/Frameworks/CoreServices.framework/Versions/A/Frameworks/Metadata.framework/Versions/A/Metadata
0x0000000005ee1000 	/System/Library/Frameworks/CoreServices.framework/Versions/A/Frameworks/OSServices.framework/Versions/A/OSServices
0x0000000005ee1000 	/System/Library/Frameworks/CoreServices.framework/Versions/A/Frameworks/SearchKit.framework/Versions/A/SearchKit
0x0000000005ee1000 	/System/Library/Frameworks/CoreServices.framework/Versions/A/Frameworks/AE.framework/Versions/A/AE
0x0000000005ee1000 	/System/Library/Frameworks/CoreServices.framework/Versions/A/Frameworks/LaunchServices.framework/Versions/A/LaunchServices
0x0000000005ee1000 	/System/Library/Frameworks/CoreServices.framework/Versions/A/Frameworks/DictionaryServices.framework/Versions/A/DictionaryServices
0x0000000005ee1000 	/System/Library/Frameworks/CoreServices.framework/Versions/A/Frameworks/SharedFileList.framework/Versions/A/SharedFileList
0x0000000005ee1000 	/System/Library/Frameworks/NetFS.framework/Versions/A/NetFS
0x0000000005ee1000 	/System/Library/PrivateFrameworks/NetAuth.framework/Versions/A/NetAuth
0x0000000005ee1000 	/System/Library/PrivateFrameworks/login.framework/Versions/A/Frameworks/loginsupport.framework/Versions/A/loginsupport
0x0000000005ee1000 	/System/Library/PrivateFrameworks/TCC.framework/Versions/A/TCC
0x0000000005ee1000 	/usr/lib/libmecabra.dylib
0x0000000005ee1000 	/System/Library/Frameworks/ApplicationServices.framework/Versions/A/Frameworks/ATS.framework/Versions/A/ATS
0x0000000005ee1000 	/System/Library/Frameworks/ApplicationServices.framework/Versions/A/Frameworks/ColorSync.framework/Versions/A/ColorSync
0x0000000005ee1000 	/System/Library/Frameworks/ApplicationServices.framework/Versions/A/Frameworks/HIServices.framework/Versions/A/HIServices
0x0000000005ee1000 	/System/Library/Frameworks/ApplicationServices.framework/Versions/A/Frameworks/LangAnalysis.framework/Versions/A/LangAnalysis
0x0000000005ee1000 	/System/Library/Frameworks/ApplicationServices.framework/Versions/A/Frameworks/PrintCore.framework/Versions/A/PrintCore
0x0000000005ee1000 	/System/Library/Frameworks/ApplicationServices.framework/Versions/A/Frameworks/QD.framework/Versions/A/QD
0x0000000005ee1000 	/System/Library/Frameworks/ApplicationServices.framework/Versions/A/Frameworks/SpeechSynthesis.framework/Versions/A/SpeechSynthesis
0x0000000005ee1000 	/System/Library/Frameworks/Metal.framework/Versions/A/Metal
0x0000000005ee1000 	/System/Library/Frameworks/Accelerate.framework/Versions/A/Frameworks/vImage.framework/Versions/A/vImage
0x0000000005ee1000 	/System/Library/Frameworks/Accelerate.framework/Versions/A/Frameworks/vecLib.framework/Versions/A/vecLib
0x0000000005ee1000 	/System/Library/Frameworks/Accelerate.framework/Versions/A/Frameworks/vecLib.framework/Versions/A/libvDSP.dylib
0x0000000005ee1000 	/System/Library/Frameworks/Accelerate.framework/Versions/A/Frameworks/vecLib.framework/Versions/A/libvMisc.dylib
0x0000000005ee1000 	/System/Library/Frameworks/Accelerate.framework/Versions/A/Frameworks/vecLib.framework/Versions/A/libLAPACK.dylib
0x0000000005ee1000 	/System/Library/Frameworks/Accelerate.framework/Versions/A/Frameworks/vecLib.framework/Versions/A/libBLAS.dylib
0x0000000005ee1000 	/System/Library/Frameworks/Accelerate.framework/Versions/A/Frameworks/vecLib.framework/Versions/A/libLinearAlgebra.dylib
0x0000000005ee1000 	/System/Library/Frameworks/Accelerate.framework/Versions/A/Frameworks/vecLib.framework/Versions/A/libSparseBLAS.dylib
0x0000000005ee1000 	/System/Library/PrivateFrameworks/GPUCompiler.framework/libmetal_timestamp.dylib
0x0000000005ee1000 	/System/Library/Frameworks/OpenGL.framework/Versions/A/Libraries/libCoreFSCache.dylib
0x0000000005ee1000 	/System/Library/PrivateFrameworks/IOAccelerator.framework/Versions/A/IOAccelerator
0x0000000005ee1000 	/System/Library/Frameworks/ApplicationServices.framework/Versions/A/Frameworks/ATS.framework/Versions/A/Resources/libFontParser.dylib
0x0000000005ee1000 	/System/Library/Frameworks/ApplicationServices.framework/Versions/A/Frameworks/ATS.framework/Versions/A/Resources/libFontRegistry.dylib
0x0000000005ee1000 	/System/Library/PrivateFrameworks/AppleVPA.framework/Versions/A/AppleVPA
0x0000000005ee1000 	/System/Library/PrivateFrameworks/AppleJPEG.framework/Versions/A/AppleJPEG
0x0000000005ee1000 	/System/Library/Frameworks/ImageIO.framework/Versions/A/Resources/libJPEG.dylib
0x0000000005ee1000 	/System/Library/Frameworks/ImageIO.framework/Versions/A/Resources/libTIFF.dylib
0x0000000005ee1000 	/System/Library/Frameworks/ImageIO.framework/Versions/A/Resources/libPng.dylib
0x0000000005ee1000 	/System/Library/Frameworks/ImageIO.framework/Versions/A/Resources/libGIF.dylib
0x0000000005ee1000 	/System/Library/Frameworks/ImageIO.framework/Versions/A/Resources/libJP2.dylib
0x0000000005ee1000 	/System/Library/Frameworks/ImageIO.framework/Versions/A/Resources/libRadiance.dylib
0x0000000005ee1000 	/System/Library/Frameworks/CoreVideo.framework/Versions/A/CoreVideo
0x0000000005ee1000 	/System/Library/Frameworks/OpenGL.framework/Versions/A/Libraries/libGLU.dylib
0x0000000005ee1000 	/System/Library/Frameworks/OpenGL.framework/Versions/A/Libraries/libGFXShared.dylib
0x0000000005ee1000 	/System/Library/Frameworks/OpenGL.framework/Versions/A/Libraries/libGL.dylib
0x0000000005ee1000 	/System/Library/Frameworks/OpenGL.framework/Versions/A/Libraries/libGLImage.dylib
0x0000000005ee1000 	/System/Library/Frameworks/OpenGL.framework/Versions/A/Libraries/libCVMSPluginSupport.dylib
0x0000000005ee1000 	/System/Library/Frameworks/OpenGL.framework/Versions/A/Libraries/libCoreVMClient.dylib
0x0000000005ee1000 	/usr/lib/libcups.2.dylib
0x0000000005ee1000 	/System/Library/Frameworks/Kerberos.framework/Versions/A/Kerberos
0x0000000005ee1000 	/System/Library/Frameworks/GSS.framework/Versions/A/GSS
0x0000000005ee1000 	/usr/lib/libresolv.9.dylib
0x0000000005ee1000 	/usr/lib/libiconv.2.dylib
0x0000000005ee1000 	/System/Library/PrivateFrameworks/Heimdal.framework/Versions/A/Heimdal
0x0000000005ee1000 	/usr/lib/libheimdal-asn1.dylib
0x0000000005ee1000 	/System/Library/Frameworks/OpenDirectory.framework/Versions/A/OpenDirectory
0x0000000005ee1000 	/System/Library/PrivateFrameworks/CommonAuth.framework/Versions/A/CommonAuth
0x0000000005ee1000 	/System/Library/Frameworks/OpenDirectory.framework/Versions/A/Frameworks/CFOpenDirectory.framework/Versions/A/CFOpenDirectory
0x0000000005ee1000 	/System/Library/Frameworks/SecurityFoundation.framework/Versions/A/SecurityFoundation
0x0000000005ee1000 	/System/Library/PrivateFrameworks/LanguageModeling.framework/Versions/A/LanguageModeling
0x0000000005ee1000 	/usr/lib/libmarisa.dylib
0x0000000005ee1000 	/usr/lib/libChineseTokenizer.dylib
0x0000000005ee1000 	/usr/lib/libcmph.dylib
0x0000000005ee1000 	/usr/lib/libcompression.dylib
0x0000000005ee1000 	/System/Library/Frameworks/ServiceManagement.framework/Versions/A/ServiceManagement
0x0000000005ee1000 	/usr/lib/libxslt.1.dylib
0x0000000005ee1000 	/System/Library/Frameworks/Carbon.framework/Versions/A/Frameworks/Ink.framework/Versions/A/Ink
0x0000000005ee1000 	/usr/lib/libFosl_dynamic.dylib
0x0000000005ee1000 	/System/Library/PrivateFrameworks/FaceCore.framework/Versions/A/FaceCore
0x0000000005ee1000 	/System/Library/Frameworks/OpenCL.framework/Versions/A/OpenCL
0x0000000005ee1000 	/System/Library/PrivateFrameworks/CrashReporterSupport.framework/Versions/A/CrashReporterSupport
0x0000000005ee1000 	/System/Library/PrivateFrameworks/IconServices.framework/Versions/A/IconServices
0x0000000005ee1000 	/System/Library/PrivateFrameworks/Apple80211.framework/Versions/A/Apple80211
0x0000000005ee1000 	/System/Library/Frameworks/CoreWLAN.framework/Versions/A/CoreWLAN
0x0000000005ee1000 	/System/Library/Frameworks/IOBluetooth.framework/Versions/A/IOBluetooth
0x0000000005ee1000 	/System/Library/PrivateFrameworks/CoreWiFi.framework/Versions/A/CoreWiFi
0x0000000005ee1000 	/System/Library/Frameworks/CoreBluetooth.framework/Versions/A/CoreBluetooth
0x0000000005ee1000 	/System/Library/PrivateFrameworks/ChunkingLibrary.framework/Versions/A/ChunkingLibrary
0x0000000005ee1000 	/System/Library/PrivateFrameworks/DebugSymbols.framework/Versions/A/DebugSymbols
0x0000000005ee1000 	/System/Library/PrivateFrameworks/CoreSymbolication.framework/Versions/A/CoreSymbolication
0x0000000005ee1000 	/System/Library/PrivateFrameworks/Symbolication.framework/Versions/A/Symbolication
0x0000000005ee1000 	/System/Library/PrivateFrameworks/SpeechRecognitionCore.framework/Versions/A/SpeechRecognitionCore
0x000000010ea16000 	/Library/Java/JavaVirtualMachines/jdk1.8.0_20.jdk/Contents/Home/jre/lib/server/libjvm.dylib
0x0000000005ee1000 	/usr/lib/libstdc++.6.dylib
0x000000010f935000 	/Library/Java/JavaVirtualMachines/jdk1.8.0_20.jdk/Contents/Home/jre/lib/libverify.dylib
0x000000010f943000 	/Library/Java/JavaVirtualMachines/jdk1.8.0_20.jdk/Contents/Home/jre/lib/libjava.dylib
0x000000010f981000 	/Library/Java/JavaVirtualMachines/jdk1.8.0_20.jdk/Contents/Home/jre/lib/libzip.dylib
0x0000000125acf000 	/System/Library/Frameworks/JavaVM.framework/Frameworks/JavaRuntimeSupport.framework/JavaRuntimeSupport
0x0000000125aea000 	/System/Library/Frameworks/JavaVM.framework/Versions/A/Frameworks/JavaNativeFoundation.framework/Versions/A/JavaNativeFoundation
0x000000010f9f2000 	/System/Library/Frameworks/JavaVM.framework/Versions/A/JavaVM
0x0000000005ee1000 	/System/Library/Frameworks/Carbon.framework/Versions/A/Carbon
0x0000000125aff000 	/System/Library/PrivateFrameworks/JavaLaunching.framework/Versions/A/JavaLaunching
0x0000000005ee1000 	/System/Library/Frameworks/Carbon.framework/Versions/A/Frameworks/CommonPanels.framework/Versions/A/CommonPanels
0x0000000005ee1000 	/System/Library/Frameworks/Carbon.framework/Versions/A/Frameworks/Help.framework/Versions/A/Help
0x0000000005ee1000 	/System/Library/Frameworks/Carbon.framework/Versions/A/Frameworks/ImageCapture.framework/Versions/A/ImageCapture
0x0000000005ee1000 	/System/Library/Frameworks/Carbon.framework/Versions/A/Frameworks/OpenScripting.framework/Versions/A/OpenScripting
0x0000000005ee1000 	/System/Library/Frameworks/Carbon.framework/Versions/A/Frameworks/Print.framework/Versions/A/Print
0x0000000005ee1000 	/System/Library/Frameworks/Carbon.framework/Versions/A/Frameworks/SecurityHI.framework/Versions/A/SecurityHI
0x00000001274b5000 	/Library/Java/JavaVirtualMachines/jdk1.8.0_20.jdk/Contents/Home/jre/lib/libprism_es2.dylib
0x0000000005ee1000 	/System/Library/Frameworks/OpenGL.framework/Versions/A/Resources/GLEngine.bundle/GLEngine
0x0000000005ee1000 	/System/Library/Frameworks/OpenGL.framework/Versions/A/Libraries/libGLProgrammability.dylib
0x0000000127532000 	/System/Library/Extensions/AppleIntelHD5000GraphicsGLDriver.bundle/Contents/MacOS/AppleIntelHD5000GraphicsGLDriver
0x0000000005ee1000 	/System/Library/PrivateFrameworks/GPUSupport.framework/Versions/A/Libraries/libGPUSupportMercury.dylib
0x0000000005ee1000 	/System/Library/Frameworks/OpenGL.framework/Versions/A/Resources/GLRendererFloat.bundle/GLRendererFloat
0x0000000005ee1000 	/System/Library/Frameworks/OpenCL.framework/Versions/A/Libraries/libcldcpuengine.dylib
0x0000000005ee1000 	/System/Library/PrivateFrameworks/DiskImages.framework/Versions/A/DiskImages
0x0000000005ee1000 	/System/Library/Frameworks/DiscRecording.framework/Versions/A/DiscRecording
0x0000000005ee1000 	/usr/lib/libcsfde.dylib
0x0000000005ee1000 	/usr/lib/libcurl.4.dylib
0x0000000005ee1000 	/System/Library/PrivateFrameworks/MediaKit.framework/Versions/A/MediaKit
0x0000000005ee1000 	/System/Library/PrivateFrameworks/ProtectedCloudStorage.framework/Versions/A/ProtectedCloudStorage
0x0000000005ee1000 	/usr/lib/libCoreStorage.dylib
0x0000000005ee1000 	/System/Library/PrivateFrameworks/EFILogin.framework/Versions/A/EFILogin
0x0000000005ee1000 	/usr/lib/libutil.dylib
0x0000000005ee1000 	/System/Library/PrivateFrameworks/FindMyDevice.framework/Versions/A/FindMyDevice
0x0000000005ee1000 	/System/Library/Frameworks/LDAP.framework/Versions/A/LDAP
0x0000000005ee1000 	/usr/lib/libsasl2.2.dylib
0x0000000005ee1000 	/System/Library/PrivateFrameworks/CoreDaemon.framework/Versions/B/CoreDaemon
0x0000000005ee1000 	/usr/lib/libcrypto.0.9.8.dylib
0x0000000005ee1000 	/System/Library/PrivateFrameworks/AppleSRP.framework/Versions/A/AppleSRP
0x0000000005ee1000 	/System/Library/PrivateFrameworks/TrustEvaluationAgent.framework/Versions/A/TrustEvaluationAgent
0x00000001280b4000 	/Library/Java/JavaVirtualMachines/jdk1.8.0_20.jdk/Contents/Home/jre/lib/libglass.dylib
0x0000000005ee1000 	/System/Library/PrivateFrameworks/CoreServicesInternal.framework/Versions/A/CoreServicesInternal
0x0000000005ee1000 	/System/Library/CoreServices/RawCamera.bundle/Contents/MacOS/RawCamera
0x0000000005ee1000 	/System/Library/Frameworks/CoreGraphics.framework/Versions/A/Resources/libRIP.A.dylib
0x0000000005ee1000 	/System/Library/Frameworks/Accelerate.framework/Versions/A/Frameworks/vImage.framework/Versions/A/Libraries/libCGInterfaces.dylib
0x0000000005ee1000 	/System/Library/PrivateFrameworks/FamilyControls.framework/Versions/A/FamilyControls
0x0000000005ee1000 	/System/Library/PrivateFrameworks/CommerceKit.framework/Versions/A/Frameworks/CommerceCore.framework/Versions/A/CommerceCore
0x0000000005ee1000 	/System/Library/PrivateFrameworks/SystemAdministration.framework/Versions/A/SystemAdministration
0x0000000005ee1000 	/System/Library/PrivateFrameworks/AppContainer.framework/Versions/A/AppContainer
0x0000000005ee1000 	/System/Library/PrivateFrameworks/SecCodeWrapper.framework/Versions/A/SecCodeWrapper
0x0000000005ee1000 	/System/Library/Frameworks/DirectoryService.framework/Versions/A/DirectoryService
0x0000000005ee1000 	/System/Library/PrivateFrameworks/LoginUIKit.framework/Versions/A/Frameworks/LoginUICore.framework/Versions/A/LoginUICore
0x0000000005ee1000 	/usr/lib/libodfde.dylib
0x000000012aebc000 	/Library/Java/JavaVirtualMachines/jdk1.8.0_20.jdk/Contents/Home/jre/lib/libjavafx_font.dylib
0x0000000005ee1000 	/System/Library/Frameworks/CoreGraphics.framework/Versions/A/Resources/libCGXType.A.dylib
0x000000012cc58000 	cl_kernels
0x0000000005ee1000 	/System/Library/Frameworks/OpenCL.framework/Versions/A/Libraries/ImageFormats/unorm8_bgra.dylib
0x0000000005ee1000 	/System/Library/Frameworks/OpenCL.framework/Versions/A/Libraries/ImageFormats/unorm8_rgba.dylib
0x000000012d91e000 	/Library/Java/JavaVirtualMachines/jdk1.8.0_20.jdk/Contents/Home/jre/lib/libprism_common.dylib
0x000000012de13000 	/System/Library/Extensions/AppleIntelHD5000GraphicsMTLDriver.bundle/Contents/MacOS/AppleIntelHD5000GraphicsMTLDriver

VM Arguments:
jvm_args: -Dfile.encoding=UTF-8 
java_command: /Users/rw/AndroidStudioProjects/Mobile-Praktikum/Future Bazooka Safari/dist/run195635101/Jamaican Fashion Sisters.jar
java_class_path (initial): /Users/rw/AndroidStudioProjects/Mobile-Praktikum/Future Bazooka Safari/dist/run195635101/Jamaican Fashion Sisters.jar
Launcher Type: SUN_STANDARD

Environment Variables:
PATH=/usr/bin:/bin:/usr/sbin:/sbin
LD_LIBRARY_PATH=/Library/Java/JavaVirtualMachines/jdk1.8.0_20.jdk/Contents/Home/jre/lib/amd64:/Library/Java/JavaVirtualMachines/jdk1.8.0_20.jdk/Contents/Home/jre/lib/i386:
SHELL=/bin/bash
DISPLAY=/private/tmp/com.apple.launchd.kmwYYNcj8U/org.macosforge.xquartz:0

Signal Handlers:
SIGSEGV: [libjvm.dylib+0x578fd7], sa_mask[0]=11111111011111110111111111111111, sa_flags=SA_ONSTACK|SA_RESTART|SA_SIGINFO
SIGBUS: [libjvm.dylib+0x578fd7], sa_mask[0]=11111111011111110111111111111111, sa_flags=SA_RESTART|SA_SIGINFO
SIGFPE: [libjvm.dylib+0x45ab0c], sa_mask[0]=11111111011111110111111111111111, sa_flags=SA_RESTART|SA_SIGINFO
SIGPIPE: [libjvm.dylib+0x45ab0c], sa_mask[0]=11111111011111110111111111111111, sa_flags=SA_RESTART|SA_SIGINFO
SIGXFSZ: [libjvm.dylib+0x45ab0c], sa_mask[0]=11111111011111110111111111111111, sa_flags=SA_RESTART|SA_SIGINFO
SIGILL: [libjvm.dylib+0x45ab0c], sa_mask[0]=11111111011111110111111111111111, sa_flags=SA_RESTART|SA_SIGINFO
SIGUSR1: SIG_DFL, sa_mask[0]=00000000000000000000000000000000, sa_flags=none
SIGUSR2: [libjvm.dylib+0x45a62a], sa_mask[0]=00100000000000000000000000000000, sa_flags=SA_RESTART|SA_SIGINFO
SIGHUP: [libjvm.dylib+0x458bfd], sa_mask[0]=11111111011111110111111111111111, sa_flags=SA_RESTART|SA_SIGINFO
SIGINT: SIG_IGN, sa_mask[0]=00000000000000000000000000000000, sa_flags=none
SIGTERM: [libjvm.dylib+0x458bfd], sa_mask[0]=11111111011111110111111111111111, sa_flags=SA_RESTART|SA_SIGINFO
SIGQUIT: [libjvm.dylib+0x458bfd], sa_mask[0]=11111111011111110111111111111111, sa_flags=SA_RESTART|SA_SIGINFO


---------------  S Y S T E M  ---------------

OS:Bsduname:Darwin 15.3.0 Darwin Kernel Version 15.3.0: Thu Dec 10 18:40:58 PST 2015; root:xnu-3248.30.4~1/RELEASE_X86_64 x86_64
rlimit: STACK 8192k, CORE 0k, NPROC 709, NOFILE 10240, AS infinity
load average:3.50 3.02 2.77

CPU:total 4 (2 cores per cpu, 2 threads per core) family 6 model 69 stepping 1, cmov, cx8, fxsr, mmx, sse, sse2, sse3, ssse3, sse4.1, sse4.2, popcnt, avx, avx2, aes, clmul, erms, lzcnt, ht, tsc, tscinvbit, bmi1, bmi2

Memory: 4k page, physical 8388608k(243652k free)

/proc/meminfo:


vm_info: Java HotSpot(TM) 64-Bit Server VM (25.20-b23) for bsd-amd64 JRE (1.8.0_20-b26), built on Jul 30 2014 13:37:47 by "java_re" with gcc 4.2.1 (Based on Apple Inc. build 5658) (LLVM build 2336.9.00)

time: Wed Mar  2 14:59:51 2016
elapsed time: 372 seconds (0d 0h 6m 12s)

